2025-03-16 03:42:18 - app.models.user - INFO - User object initialized for Belkis Aslani (ID: c29b87b0-bd35-4090-a693-483406721d9c)
2025-03-16 03:42:19 - app.models.user - INFO - Cryptographic keys generated for user Belkis Aslani
2025-03-16 03:42:19 - app.models.user - INFO - User data saved to C:\Users\belki\Desktop\BlogChain\data\users\Belkis Aslani.json
2025-03-16 03:43:14 - app.models.user - INFO - User object initialized for Belkis Aslani (ID: c29b87b0-bd35-4090-a693-483406721d9c)
2025-03-16 03:43:14 - app.models.user - ERROR - Failed to load user keys: 'utf-8' codec can't decode byte 0xfd in position 3: invalid start byte
2025-03-16 03:43:14 - app.models.user - INFO - User data loaded from C:\Users\belki\Desktop\BlogChain\data\users\Belkis Aslani.json
2025-03-16 03:48:58 - app.models.user - INFO - User object initialized for Belkis Aslani (ID: c29b87b0-bd35-4090-a693-483406721d9c)
2025-03-16 03:48:59 - app.models.user - ERROR - Failed to load user keys: 'utf-8' codec can't decode byte 0xfd in position 3: invalid start byte
2025-03-16 03:48:59 - app.models.user - INFO - User data loaded from C:\Users\belki\Desktop\BlogChain\data\users\Belkis Aslani.json
2025-03-16 03:51:30 - app.models.user - INFO - User object initialized for Belkis Aslani (ID: c29b87b0-bd35-4090-a693-483406721d9c)
2025-03-16 03:51:30 - app.models.user - ERROR - Failed to load user keys: 'utf-8' codec can't decode byte 0xfd in position 3: invalid start byte
2025-03-16 03:51:30 - app.models.user - INFO - User data loaded from C:\Users\belki\Desktop\BlogChain\data\users\Belkis Aslani.json
2025-03-16 03:52:03 - app.models.user - INFO - User object initialized for Belkis Aslani (ID: c29b87b0-bd35-4090-a693-483406721d9c)
2025-03-16 03:52:03 - app.models.user - ERROR - Failed to load user keys: 'utf-8' codec can't decode byte 0xfd in position 3: invalid start byte
2025-03-16 03:52:03 - app.models.user - INFO - User data loaded from C:\Users\belki\Desktop\BlogChain\data\users\Belkis Aslani.json
2025-03-16 03:58:24 - app.models.user - INFO - User object initialized for Belkis Aslani (ID: c29b87b0-bd35-4090-a693-483406721d9c)
2025-03-16 03:58:25 - app.models.user - ERROR - Failed to load user keys: 'utf-8' codec can't decode byte 0xfd in position 3: invalid start byte
2025-03-16 03:58:25 - app.models.user - INFO - User data loaded from C:\Users\belki\Desktop\BlogChain\data\users\Belkis Aslani.json
2025-03-16 03:59:18 - app.models.user - INFO - Profile updated for user Belkis Aslani
2025-03-16 03:59:18 - app.models.user - INFO - Settings updated for user Belkis Aslani
2025-03-16 03:59:18 - app.models.user - INFO - User data saved to C:\Users\belki\Desktop\BlogChain\data\users\Belkis Aslani.json
2025-03-16 04:00:04 - app.models.user - INFO - User Belkis Aslani logged out
2025-03-16 04:00:15 - app.models.user - INFO - User object initialized for Belkis Aslani (ID: c29b87b0-bd35-4090-a693-483406721d9c)
2025-03-16 04:00:15 - app.models.user - INFO - User data loaded from C:\Users\belki\Desktop\BlogChain\data\users\Belkis Aslani.json
2025-03-16 04:05:24 - app.models.user - INFO - User object initialized for Belkis Aslani (ID: c29b87b0-bd35-4090-a693-483406721d9c)
2025-03-16 04:05:24 - app.models.user - INFO - User data loaded from C:\Users\belki\Desktop\BlogChain\data\users\Belkis Aslani.json
2025-03-16 04:05:58 - app.models.user - INFO - User object initialized for Belkis Aslani (ID: c29b87b0-bd35-4090-a693-483406721d9c)
2025-03-16 04:05:58 - app.models.user - INFO - User data loaded from C:\Users\belki\Desktop\BlogChain\data\users\Belkis Aslani.json
2025-03-16 04:06:58 - app.models.user - INFO - User object initialized for Belkis Aslani (ID: c29b87b0-bd35-4090-a693-483406721d9c)
2025-03-16 04:06:58 - app.models.user - INFO - User data loaded from C:\Users\belki\Desktop\BlogChain\data\users\Belkis Aslani.json
2025-03-16 04:11:54 - app.models.user - INFO - User object initialized for Belkis Aslani (ID: c29b87b0-bd35-4090-a693-483406721d9c)
2025-03-16 04:11:54 - app.models.user - INFO - User data loaded from C:\Users\belki\Desktop\BlogChain\data\users\Belkis Aslani.json
2025-03-16 04:13:12 - app.models.user - INFO - Profile updated for user Belkis Aslani
2025-03-16 04:13:12 - app.models.user - INFO - Settings updated for user Belkis Aslani
2025-03-16 04:13:12 - app.models.user - INFO - User data saved to C:\Users\belki\Desktop\BlogChain\data\users\Belkis Aslani.json
2025-03-16 10:24:18 - app.models.user - INFO - User object initialized for Belkis Aslani (ID: c29b87b0-bd35-4090-a693-483406721d9c)
2025-03-16 10:24:18 - app.models.user - INFO - User data loaded from C:\Users\belki\Desktop\BlogChain\data\users\Belkis Aslani.json
2025-03-16 12:17:54 - app.models.user - INFO - User object initialized for Belkis Aslani (ID: c29b87b0-bd35-4090-a693-483406721d9c)
2025-03-16 12:17:54 - app.models.user - INFO - User data loaded from C:\Users\belki\Desktop\BlogChain\data\users\Belkis Aslani.json
2025-03-16 12:17:56 - app.models.user - INFO - User object initialized for Belkis Aslani (ID: c29b87b0-bd35-4090-a693-483406721d9c)
2025-03-16 12:17:56 - app.models.user - INFO - User data loaded from C:\Users\belki\Desktop\BlogChain\data\users\Belkis Aslani.json
2025-03-16 12:18:50 - app.models.user - INFO - Profile updated for user Belkis Aslani
2025-03-16 12:18:50 - app.models.user - INFO - Settings updated for user Belkis Aslani
2025-03-16 12:18:50 - app.models.user - INFO - User data saved to C:\Users\belki\Desktop\BlogChain\data\users\Belkis Aslani.json
2025-03-16 12:20:15 - app.models.user - INFO - User Belkis Aslani logged out
2025-03-16 12:32:55 - app.models.user - INFO - User object initialized for Belkis Aslani (ID: c29b87b0-bd35-4090-a693-483406721d9c)
2025-03-16 12:32:55 - app.models.user - INFO - User data loaded from C:\Users\belki\Desktop\BlogChain\data\users\Belkis Aslani.json
2025-03-16 12:35:33 - app.models.user - INFO - User object initialized for Belkis Aslani (ID: c29b87b0-bd35-4090-a693-483406721d9c)
2025-03-16 12:35:33 - app.models.user - INFO - User data loaded from C:\Users\belki\Desktop\BlogChain\data\users\Belkis Aslani.json
2025-03-16 12:37:24 - app.models.user - INFO - User object initialized for Belkis Aslani (ID: c29b87b0-bd35-4090-a693-483406721d9c)
2025-03-16 12:37:24 - app.models.user - INFO - User data loaded from C:\Users\belki\Desktop\BlogChain\data\users\Belkis Aslani.json
2025-03-16 12:39:31 - app.models.user - INFO - User object initialized for Belkis Aslani (ID: c29b87b0-bd35-4090-a693-483406721d9c)
2025-03-16 12:39:31 - app.models.user - INFO - User data loaded from C:\Users\belki\Desktop\BlogChain\data\users\Belkis Aslani.json
2025-03-16 12:44:39 - app.models.user - INFO - User object initialized for Belkis Aslani (ID: c29b87b0-bd35-4090-a693-483406721d9c)
2025-03-16 12:44:39 - app.models.user - INFO - User data loaded from C:\Users\belki\Desktop\BlogChain\data\users\Belkis Aslani.json
2025-03-16 12:46:42 - app.models.user - INFO - User Belkis Aslani logged out
2025-03-16 12:47:29 - app.models.user - INFO - User object initialized for Belkis Aslani (ID: c29b87b0-bd35-4090-a693-483406721d9c)
2025-03-16 12:47:29 - app.models.user - INFO - User data loaded from C:\Users\belki\Desktop\BlogChain\data\users\Belkis Aslani.json
2025-03-16 12:48:19 - app.models.user - INFO - User object initialized for Belkis Aslani (ID: c29b87b0-bd35-4090-a693-483406721d9c)
2025-03-16 12:48:19 - app.models.user - INFO - User data loaded from C:\Users\belki\Desktop\BlogChain\data\users\Belkis Aslani.json
2025-03-16 12:53:44 - app.models.user - INFO - User object initialized for Belkis Aslani (ID: c29b87b0-bd35-4090-a693-483406721d9c)
2025-03-16 12:53:44 - app.models.user - INFO - User data loaded from C:\Users\belki\Desktop\BlogChain\data\users\Belkis Aslani.json
2025-03-16 12:55:32 - app.models.user - INFO - User object initialized for Belkis Aslani (ID: c29b87b0-bd35-4090-a693-483406721d9c)
2025-03-16 12:55:32 - app.models.user - INFO - User data loaded from C:\Users\belki\Desktop\BlogChain\data\users\Belkis Aslani.json
