2025-03-16 03:43:14 - blockchain.blockchain - INFO - Creating genesis block for user c29b87b0-bd35-4090-a693-483406721d9c
2025-03-16 03:43:14 - blockchain.blockchain - INFO - Mining block 0 with difficulty 4...
2025-03-16 03:43:14 - blockchain.blockchain - INFO - Block 0 mined successfully with hash 00005911b63a955e0ad034c16c0aeeef7ee51abc742db3fd371e506bd34b60a7
2025-03-16 03:43:14 - blockchain.blockchain - INFO - Genesis block created successfully
2025-03-16 03:43:14 - blockchain.blockchain - INFO - Blockchain validated successfully
2025-03-16 03:48:59 - blockchain.blockchain - INFO - Creating genesis block for user c29b87b0-bd35-4090-a693-483406721d9c
2025-03-16 03:48:59 - blockchain.blockchain - INFO - Mining block 0 with difficulty 4...
2025-03-16 03:48:59 - blockchain.blockchain - INFO - Block 0 mined successfully with hash 0000537ca77651030583c8c3bdbb46feb4f06b5eebde9498e714444253925aec
2025-03-16 03:48:59 - blockchain.blockchain - INFO - Genesis block created successfully
2025-03-16 03:48:59 - blockchain.blockchain - INFO - Blockchain validated successfully
2025-03-16 03:51:30 - blockchain.blockchain - INFO - Creating genesis block for user c29b87b0-bd35-4090-a693-483406721d9c
2025-03-16 03:51:30 - blockchain.blockchain - INFO - Mining block 0 with difficulty 4...
2025-03-16 03:51:31 - blockchain.blockchain - INFO - Block 0 mined successfully with hash 0000b48800ebc634b8cad1b25b7174aa490db956cf35b45e35705523f2670b6a
2025-03-16 03:51:31 - blockchain.blockchain - INFO - Genesis block created successfully
2025-03-16 03:51:31 - blockchain.blockchain - INFO - Blockchain validated successfully
2025-03-16 03:52:03 - blockchain.blockchain - INFO - Creating genesis block for user c29b87b0-bd35-4090-a693-483406721d9c
2025-03-16 03:52:03 - blockchain.blockchain - INFO - Mining block 0 with difficulty 4...
2025-03-16 03:52:05 - blockchain.blockchain - INFO - Block 0 mined successfully with hash 00008f26e692d228058f3409855437d20b18fce24a7a7d494477c6489d76d8d9
2025-03-16 03:52:05 - blockchain.blockchain - INFO - Genesis block created successfully
2025-03-16 03:52:05 - blockchain.blockchain - INFO - Blockchain validated successfully
2025-03-16 03:58:25 - blockchain.blockchain - INFO - Creating genesis block for user c29b87b0-bd35-4090-a693-483406721d9c
2025-03-16 03:58:25 - blockchain.blockchain - INFO - Mining block 0 with difficulty 4...
2025-03-16 03:58:27 - blockchain.blockchain - INFO - Block 0 mined successfully with hash 0000f8ea755faf9ec5b0721dcab84c370758014238762a3ddd452ab6a1c7e210
2025-03-16 03:58:27 - blockchain.blockchain - INFO - Genesis block created successfully
2025-03-16 03:58:27 - blockchain.blockchain - INFO - Blockchain validated successfully
2025-03-16 03:59:18 - blockchain.blockchain - INFO - Mining difficulty changed to 5
2025-03-16 04:00:15 - blockchain.blockchain - INFO - Creating genesis block for user c29b87b0-bd35-4090-a693-483406721d9c
2025-03-16 04:05:24 - blockchain.blockchain - INFO - Creating genesis block for user c29b87b0-bd35-4090-a693-483406721d9c
2025-03-16 04:05:58 - blockchain.blockchain - INFO - Creating genesis block for user c29b87b0-bd35-4090-a693-483406721d9c
2025-03-16 04:06:58 - blockchain.blockchain - INFO - Creating genesis block for user c29b87b0-bd35-4090-a693-483406721d9c
2025-03-16 04:11:54 - blockchain.blockchain - INFO - Creating genesis block for user c29b87b0-bd35-4090-a693-483406721d9c
2025-03-16 04:11:54 - blockchain.blockchain - INFO - Mining block 0 with difficulty 4...
2025-03-16 04:11:56 - blockchain.blockchain - INFO - Block 0 mined successfully with hash 000056653a2456126d12834d5d8d7b2255f7b6558daf60329ef29368201eb515
2025-03-16 04:11:56 - blockchain.blockchain - INFO - Genesis block created successfully
2025-03-16 04:11:56 - blockchain.blockchain - INFO - Blockchain validated successfully
2025-03-16 04:12:18 - blockchain.blockchain - INFO - Added new post to pending data
2025-03-16 04:12:18 - blockchain.blockchain - INFO - Mining block 1 with difficulty 4...
2025-03-16 04:12:19 - blockchain.blockchain - INFO - Block 1 mined successfully with hash 00006f5697f7baf4f7c4cd340fa9b3ddfc648d211ea4d0f081721deeb7efc5f1
2025-03-16 04:12:19 - blockchain.blockchain - INFO - New block mined and added to the chain: 00006f5697f7baf4f7c4cd340fa9b3ddfc648d211ea4d0f081721deeb7efc5f1
2025-03-16 04:13:12 - blockchain.blockchain - INFO - Mining difficulty changed to 5
