2025-03-16 03:42:19 - crypto.encryption - INFO - Key derived from password with 100000 iterations
2025-03-16 03:42:19 - crypto.encryption - INFO - New encryption key pair generated
2025-03-16 03:42:19 - crypto.encryption - INFO - New signing key pair generated
2025-03-16 03:43:14 - crypto.encryption - INFO - Key derived from password with 100000 iterations
2025-03-16 03:43:14 - crypto.encryption - ERROR - Decryption failed: 'utf-8' codec can't decode byte 0xfd in position 3: invalid start byte
2025-03-16 03:48:59 - crypto.encryption - INFO - Key derived from password with 100000 iterations
2025-03-16 03:48:59 - crypto.encryption - ERROR - Decryption failed: 'utf-8' codec can't decode byte 0xfd in position 3: invalid start byte
2025-03-16 03:51:30 - crypto.encryption - INFO - Key derived from password with 100000 iterations
2025-03-16 03:51:30 - crypto.encryption - ERROR - Decryption failed: 'utf-8' codec can't decode byte 0xfd in position 3: invalid start byte
2025-03-16 03:52:03 - crypto.encryption - INFO - Key derived from password with 100000 iterations
2025-03-16 03:52:03 - crypto.encryption - ERROR - Decryption failed: 'utf-8' codec can't decode byte 0xfd in position 3: invalid start byte
2025-03-16 03:58:25 - crypto.encryption - INFO - Key derived from password with 100000 iterations
2025-03-16 03:58:25 - crypto.encryption - ERROR - Decryption failed: 'utf-8' codec can't decode byte 0xfd in position 3: invalid start byte
2025-03-16 04:11:54 - crypto.encryption - WARNING - Encryption key is None, using a default secure key
2025-03-16 04:12:18 - crypto.encryption - WARNING - Encryption key is None, using a default secure key
2025-03-16 04:12:19 - crypto.encryption - WARNING - Decryption key is None, using a default secure key
2025-03-16 04:12:34 - crypto.encryption - WARNING - Decryption key is None, using a default secure key
2025-03-16 04:12:51 - crypto.encryption - WARNING - Decryption key is None, using a default secure key
2025-03-16 04:13:16 - crypto.encryption - WARNING - Decryption key is None, using a default secure key
2025-03-16 04:13:19 - crypto.encryption - WARNING - Decryption key is None, using a default secure key
2025-03-16 04:13:22 - crypto.encryption - WARNING - Decryption key is None, using a default secure key
2025-03-16 10:24:18 - crypto.encryption - WARNING - Encryption key is None, using a default secure key
2025-03-16 10:24:18 - crypto.encryption - WARNING - Decryption key is None, using a default secure key
2025-03-16 10:24:25 - crypto.encryption - WARNING - Decryption key is None, using a default secure key
2025-03-16 12:17:54 - crypto.encryption - WARNING - Encryption key is None, using a default secure key
2025-03-16 12:17:56 - crypto.encryption - WARNING - Encryption key is None, using a default secure key
2025-03-16 12:17:57 - crypto.encryption - WARNING - Decryption key is None, using a default secure key
2025-03-16 12:18:14 - crypto.encryption - WARNING - Decryption key is None, using a default secure key
2025-03-16 12:18:53 - crypto.encryption - WARNING - Decryption key is None, using a default secure key
2025-03-16 12:19:14 - crypto.encryption - WARNING - Decryption key is None, using a default secure key
2025-03-16 12:19:17 - crypto.encryption - WARNING - Decryption key is None, using a default secure key
2025-03-16 12:19:48 - crypto.encryption - WARNING - Encryption key is None, using a default secure key
2025-03-16 12:19:54 - crypto.encryption - WARNING - Encryption key is None, using a default secure key
2025-03-16 12:32:55 - crypto.encryption - WARNING - Encryption key is None, using a default secure key
2025-03-16 12:32:58 - crypto.encryption - WARNING - Decryption key is None, using a default secure key
2025-03-16 12:35:33 - crypto.encryption - WARNING - Encryption key is None, using a default secure key
2025-03-16 12:35:36 - crypto.encryption - WARNING - Decryption key is None, using a default secure key
2025-03-16 12:36:03 - crypto.encryption - WARNING - Decryption key is None, using a default secure key
2025-03-16 12:36:35 - crypto.encryption - WARNING - Decryption key is None, using a default secure key
2025-03-16 12:36:40 - crypto.encryption - WARNING - Decryption key is None, using a default secure key
2025-03-16 12:36:46 - crypto.encryption - WARNING - Decryption key is None, using a default secure key
2025-03-16 12:37:00 - crypto.encryption - WARNING - Decryption key is None, using a default secure key
2025-03-16 12:37:02 - crypto.encryption - WARNING - Decryption key is None, using a default secure key
2025-03-16 12:37:24 - crypto.encryption - WARNING - Encryption key is None, using a default secure key
2025-03-16 12:37:28 - crypto.encryption - WARNING - Decryption key is None, using a default secure key
2025-03-16 12:37:32 - crypto.encryption - WARNING - Decryption key is None, using a default secure key
2025-03-16 12:37:45 - crypto.encryption - WARNING - Decryption key is None, using a default secure key
2025-03-16 12:38:19 - crypto.encryption - WARNING - Decryption key is None, using a default secure key
2025-03-16 12:38:21 - crypto.encryption - WARNING - Decryption key is None, using a default secure key
2025-03-16 12:38:24 - crypto.encryption - WARNING - Decryption key is None, using a default secure key
2025-03-16 12:39:31 - crypto.encryption - WARNING - Encryption key is None, using a default secure key
2025-03-16 12:39:31 - crypto.encryption - WARNING - Decryption key is None, using a default secure key
2025-03-16 12:39:34 - crypto.encryption - WARNING - Decryption key is None, using a default secure key
2025-03-16 12:40:25 - crypto.encryption - WARNING - Decryption key is None, using a default secure key
2025-03-16 12:40:27 - crypto.encryption - WARNING - Decryption key is None, using a default secure key
2025-03-16 12:41:20 - crypto.encryption - WARNING - Decryption key is None, using a default secure key
2025-03-16 12:41:22 - crypto.encryption - WARNING - Decryption key is None, using a default secure key
2025-03-16 12:41:30 - crypto.encryption - WARNING - Decryption key is None, using a default secure key
2025-03-16 12:42:53 - crypto.encryption - WARNING - Decryption key is None, using a default secure key
2025-03-16 12:44:39 - crypto.encryption - WARNING - Encryption key is None, using a default secure key
2025-03-16 12:44:42 - crypto.encryption - WARNING - Decryption key is None, using a default secure key
2025-03-16 12:44:46 - crypto.encryption - WARNING - Decryption key is None, using a default secure key
2025-03-16 12:44:52 - crypto.encryption - WARNING - Decryption key is None, using a default secure key
2025-03-16 12:46:35 - crypto.encryption - WARNING - Decryption key is None, using a default secure key
2025-03-16 12:47:29 - crypto.encryption - WARNING - Encryption key is None, using a default secure key
2025-03-16 12:47:31 - crypto.encryption - WARNING - Decryption key is None, using a default secure key
2025-03-16 12:47:41 - crypto.encryption - WARNING - Decryption key is None, using a default secure key
2025-03-16 12:48:19 - crypto.encryption - WARNING - Encryption key is None, using a default secure key
2025-03-16 12:48:21 - crypto.encryption - WARNING - Decryption key is None, using a default secure key
2025-03-16 12:51:31 - crypto.encryption - WARNING - Decryption key is None, using a default secure key
2025-03-16 12:53:44 - crypto.encryption - WARNING - Encryption key is None, using a default secure key
2025-03-16 12:53:46 - crypto.encryption - WARNING - Decryption key is None, using a default secure key
2025-03-16 12:55:32 - crypto.encryption - WARNING - Encryption key is None, using a default secure key
2025-03-16 12:55:33 - crypto.encryption - WARNING - Decryption key is None, using a default secure key
